shn.corpus Thu Feb 23 12:00:43 PM EST 2023	0/0	Error 10002	\|	0/0	Error 10002
shn.corpus Thu Feb 23 12:02:53 PM EST 2023	0/0	Error 10002	\|	0/0	Error 10002
shn.corpus Thu Feb 23 12:03:10 PM EST 2023	0/0	Error 10002	\|	0/0	Error 10002
shn.corpus Thu Feb 23 12:04:45 PM EST 2023	9/574	~0.01567944250871080139	\|	1028/574	~1.79094076655052264808
shn.corpus Thu Feb 23 06:54:46 PM EST 2023	0/0	Error 10002	\|	0/0	Error 10002
shn.corpus Thu Feb 23 06:57:07 PM EST 2023	9/574	~0.01567944250871080139	\|	1028/574	~1.79094076655052264808
shn.corpus Fri Feb 24 02:00:21 PM EST 2023	9/574	~0.01567944250871080139	\|	1028/574	~1.79094076655052264808
shn.corpus Fri Feb 24 02:00:36 PM EST 2023	9/574	~0.01567944250871080139	\|	1028/574	~1.79094076655052264808
shn.corpus Fri Feb 24 02:01:19 PM EST 2023	9/574	~0.01567944250871080139	\|	1028/574	~1.79094076655052264808
shn.corpus Fri Feb 24 02:08:09 PM EST 2023	9/574	~0.01567944250871080139	\|	1028/574	~1.79094076655052264808
shn.corpus Fri Feb 24 02:08:27 PM EST 2023	9/574	~0.01567944250871080139	\|	1028/574	~1.79094076655052264808
shn.corpus Fri Feb 24 02:15:37 PM EST 2023	9/574	~0.01567944250871080139	\|	1028/574	~1.79094076655052264808
shn.corpus Fri Feb 24 02:20:50 PM EST 2023	9/574	~0.01567944250871080139	\|	1028/574	~1.79094076655052264808
shn.corpus Fri Feb 24 02:21:35 PM EST 2023	9/574	~0.01567944250871080139	\|	1028/574	~1.79094076655052264808
shn.corpus Fri Feb 24 02:22:59 PM EST 2023	9/574	~0.01567944250871080139	\|	1028/574	~1.79094076655052264808
shn.corpus Fri Feb 24 02:23:34 PM EST 2023	9/574	~0.01567944250871080139	\|	1028/574	~1.79094076655052264808
shn.corpus Fri Feb 24 02:31:58 PM EST 2023	9/574	~0.01567944250871080139	\|	1028/574	~1.79094076655052264808
shn.corpus Fri Feb 24 02:32:16 PM EST 2023	9/574	~0.01567944250871080139	\|	1028/574	~1.79094076655052264808
shn.corpus Fri Feb 24 02:32:52 PM EST 2023	9/574	~0.01567944250871080139	\|	1028/574	~1.79094076655052264808
shn.corpus Fri Feb 24 02:44:14 PM EST 2023	9/574	~0.01567944250871080139	\|	1028/574	~1.79094076655052264808
shn.corpus Fri Feb 24 02:45:26 PM EST 2023	9/574	~0.01567944250871080139	\|	1028/574	~1.79094076655052264808
shn.corpus Fri Feb 24 02:48:59 PM EST 2023	9/574	~0.01567944250871080139	\|	1028/574	~1.79094076655052264808
shn.corpus Fri Feb 24 02:49:27 PM EST 2023	9/574	~0.01567944250871080139	\|	1028/574	~1.79094076655052264808
shn.corpus Fri Feb 24 02:56:52 PM EST 2023	9/574	~0.01567944250871080139	\|	1028/574	~1.79094076655052264808
shn.corpus Fri Feb 24 02:59:23 PM EST 2023	10/574	~0.01742160278745644599	\|	1028/574	~1.79094076655052264808
shn.corpus Fri Feb 24 03:00:04 PM EST 2023	10/574	~0.01742160278745644599	\|	1028/574	~1.79094076655052264808
shn.corpus Fri Feb 24 03:08:13 PM EST 2023	10/574	~0.01742160278745644599	\|	1028/574	~1.79094076655052264808
shn.corpus Fri Feb 24 03:12:15 PM EST 2023	13/574	~0.02264808362369337979	\|	1028/574	~1.79094076655052264808
shn.corpus Fri Feb 24 03:16:47 PM EST 2023	13/574	~0.02264808362369337979	\|	1028/574	~1.79094076655052264808
shn.corpus Fri Feb 24 03:19:05 PM EST 2023	13/574	~0.02264808362369337979	\|	1028/574	~1.79094076655052264808
shn.corpus Fri Feb 24 03:24:55 PM EST 2023	13/574	~0.02264808362369337979	\|	1028/574	~1.79094076655052264808
shn.corpus Fri Feb 24 03:44:26 PM EST 2023	13/574	~0.02264808362369337979	\|	1028/574	~1.79094076655052264808
shn.corpus Tue Feb 28 11:49:20 AM EST 2023	129/1589	~0.08118313404657016992	\|	2043/1589	~1.28571428571428571429
shn.wikipediadump Tue Feb 28 11:49:38 AM EST 2023	118/560	~0.21071428571428571429	\|	572/560	~1.02142857142857142857
h Thu Mar 2 05:10:53 PM EST 2023	0/0	Error 10002	\|	0/0	Error 10002
shn.corpus Thu Mar 2 05:11:16 PM EST 2023	129/1589	~0.08118313404657016992	\|	2043/1589	~1.28571428571428571429
shn.corpus Wed Mar 8 04:45:12 PM EST 2023	0/0	Error 10002	\|	0/0	Error 10002
shn.corpus Wed Mar 8 04:45:34 PM EST 2023	129/1589	~0.08118313404657016992	\|	2043/1589	~1.28571428571428571429
shn.corpus Wed Mar 8 04:46:27 PM EST 2023	13/574	~0.02264808362369337979	\|	1028/574	~1.79094076655052264808
shn.corpus Wed Mar 8 04:50:08 PM EST 2023	129/1589	~0.08118313404657016992	\|	2043/1589	~1.28571428571428571429
shn.corpus Wed Mar 8 04:52:03 PM EST 2023	129/1589	~0.08118313404657016992	\|	2043/1589	~1.28571428571428571429
shn.corpus Wed Mar 8 04:52:34 PM EST 2023	129/1589	~0.08118313404657016992	\|	2043/1589	~1.28571428571428571429
shn.corpus Wed Mar 8 04:52:47 PM EST 2023	129/1589	~0.08118313404657016992	\|	2043/1589	~1.28571428571428571429
shn.corpus Wed Mar 8 04:53:57 PM EST 2023	129/1589	~0.08118313404657016992	\|	2043/1589	~1.28571428571428571429
shn.corpus Wed Mar 8 04:54:11 PM EST 2023	129/1589	~0.08118313404657016992	\|	2043/1589	~1.28571428571428571429
shn.corpus Wed Mar 8 04:54:30 PM EST 2023	129/1589	~0.08118313404657016992	\|	2043/1589	~1.28571428571428571429
shn.corpus Wed Mar 8 04:55:01 PM EST 2023	129/1589	~0.08118313404657016992	\|	2043/1589	~1.28571428571428571429
shn.corpus Wed Mar 8 04:55:20 PM EST 2023	13/574	~0.02264808362369337979	\|	1028/574	~1.79094076655052264808
shn.corpus Wed Mar 8 04:55:28 PM EST 2023	129/1589	~0.08118313404657016992	\|	2043/1589	~1.28571428571428571429
shn.corpus Wed Mar 8 04:58:09 PM EST 2023	129/1589	~0.08118313404657016992	\|	2043/1589	~1.28571428571428571429
shn.corpus Wed Mar 8 05:00:40 PM EST 2023	13/574	~0.02264808362369337979	\|	1028/574	~1.79094076655052264808
shn.corpus Wed Mar 8 05:01:32 PM EST 2023	129/1589	~0.08118313404657016992	\|	2043/1589	~1.28571428571428571429
shn.corpus Wed Mar 8 05:22:02 PM EST 2023	13/574	~0.02264808362369337979	\|	1028/574	~1.79094076655052264808
shn.corpus Wed Mar 8 05:22:35 PM EST 2023	13/574	~0.02264808362369337979	\|	1028/574	~1.79094076655052264808
shn.corpus Wed Mar 8 05:23:05 PM EST 2023	133/1578	~0.08428390367553865653	\|	2034/1578	~1.28897338403041825095
shn.corpus Wed Mar 8 05:23:10 PM EST 2023	13/574	~0.02264808362369337979	\|	1028/574	~1.79094076655052264808
shn.corpus Wed Mar 8 05:23:41 PM EST 2023	13/574	~0.02264808362369337979	\|	1028/574	~1.79094076655052264808
shn.corpus Wed Mar 8 05:23:46 PM EST 2023	133/1567	~0.08487555839183152521	\|	2023/1567	~1.29100191448627951500
shn.corpus Wed Mar 8 05:24:17 PM EST 2023	13/574	~0.02264808362369337979	\|	1028/574	~1.79094076655052264808
shn.corpus Wed Mar 8 05:24:22 PM EST 2023	133/1567	~0.08487555839183152521	\|	2023/1567	~1.29100191448627951500
shn.corpus Wed Mar 8 05:25:52 PM EST 2023	133/1567	~0.08487555839183152521	\|	2023/1567	~1.29100191448627951500
shn.corpus Wed Mar 8 05:26:07 PM EST 2023	133/1567	~0.08487555839183152521	\|	2023/1567	~1.29100191448627951500
shn.corpus Wed Mar 8 05:26:22 PM EST 2023	129/1567	~0.08232291001914486280	\|	2021/1567	~1.28972559029993618379
shn.wikipediadump Thu Mar 9 02:21:05 PM EST 2023	224546/887604	~0.25297993249241778992	\|	1009026/887604	~1.13679749077291224465
shn.wikipediadump Thu Mar 9 02:21:21 PM EST 2023	118/552	~0.21376811594202898551	\|	564/552	~1.02173913043478260870
shn.wikipediadump Thu Mar 9 02:23:59 PM EST 2023	224754/883263	~0.25445875124396697246	\|	1003240/883263	~1.13583383431661917232
shn.corpus Thu Mar 9 02:41:55 PM EST 2023	13/574	~0.02264808362369337979	\|	1028/574	~1.79094076655052264808
shn.wikipediadump Thu Mar 9 02:49:13 PM EST 2023	475688/1307850	~0.36371755170700003823	\|	1427342/1307850	~1.09136521772374507780
shn.wikipediadump Sun Mar 12 03:45:19 PM EDT 2023	713556/1486937	~0.47988314232546503315	\|	1673470/1486937	~1.12544781655174361792
shn.wikipediadump Tue Mar 14 11:17:42 AM EDT 2023	224752/883263	~0.25445648691273154202	\|	1003240/883263	~1.13583383431661917232
shn.corpus Tue Mar 14 11:30:57 AM EDT 2023	447/1137	~0.39313984168865435356	\|	1629/1137	~1.43271767810026385224
shn.wikipediadump Tue Mar 14 12:04:19 PM EDT 2023	73388/142402	~0.51535793036614654289	\|	161576/142402	~1.13464698529515034901
shn.wikipediadump Tue Mar 14 12:17:55 PM EDT 2023	1078915/1743795	~0.61871664960617503778	\|	2052615/1743795	~1.17709650503642916742
shn.wikipediadump Thu Mar 16 10:45:26 AM EDT 2023	1078915/1743796	~0.61871629479595090251	\|	2052616/1743796	~1.17709640347838852710
shn.wikipediadump Thu Mar 16 11:01:15 AM EDT 2023	1078915/1743796	~0.61871629479595090251	\|	2052616/1743796	~1.17709640347838852710
shn.wikipediadump Thu Mar 16 11:16:37 AM EDT 2023	1078915/1743796	~0.61871629479595090251	\|	2052616/1743796	~1.17709640347838852710
shn.wikipediadump Thu Mar 16 08:03:56 PM EDT 2023	1078915/1743796	~0.61871629479595090251	\|	2052616/1743796	~1.17709640347838852710
shn.wikipediadump Thu Mar 16 08:31:54 PM EDT 2023	1078915/1743796	~0.61871629479595090251	\|	2052616/1743796	~1.17709640347838852710
shn.corpus Fri Mar 17 10:54:26 AM EDT 2023	524/1199	~0.43703085904920767306	\|	1718/1199	~1.43286071726438698916
shn.corpus Fri Mar 17 11:20:02 AM EDT 2023	524/1199	~0.43703085904920767306	\|	1718/1199	~1.43286071726438698916
shn.wikipediadump Fri Mar 17 11:37:50 AM EDT 2023	1078915/1743796	~0.61871629479595090251	\|	2052616/1743796	~1.17709640347838852710
shn.wikipediadump Tue Mar 21 02:14:12 PM EDT 2023	1078915/1743796	~0.61871629479595090251	\|	2052616/1743796	~1.17709640347838852710
shn.wikipediadump Tue Mar 21 02:26:52 PM EDT 2023	1077879/1742201	~0.61868808478470624228	\|	2049969/1742201	~1.17665470287297504708
shn.wikipediadump Tue Mar 21 03:01:14 PM EDT 2023	1079202/1743397	~0.61902251753329849713	\|	2052208/1743397	~1.17713177205191932761
shn.wikipediadump Tue Mar 21 03:16:01 PM EDT 2023	255223/883263	~0.28895470545013206712	\|	1030356/883263	~1.16653363720658512810
shn.wikipediadump Tue Mar 21 03:51:33 PM EDT 2023	1087121/1759286	~0.61793307057522199347	\|	2068020/1759286	~1.17548823784194269721
shn.wikipediadump Tue Mar 21 04:03:39 PM EDT 2023	1077879/1742201	~0.61868808478470624228	\|	2049969/1742201	~1.17665470287297504708
shn.wikipediadump Wed Mar 22 03:07:06 PM EDT 2023	255223/883263	~0.28895470545013206712	\|	1030356/883263	~1.16653363720658512810
shn.wikipediadump Wed Mar 22 03:16:52 PM EDT 2023	1078915/1743796	~0.61871629479595090251	\|	2052616/1743796	~1.17709640347838852710
shn.corpus Wed Mar 22 03:18:32 PM EDT 2023	524/1198	~0.43739565943238731219	\|	1717/1198	~1.43322203672787979967
shn.corpus Wed Mar 22 03:18:54 PM EDT 2023	524/1199	~0.43703085904920767306	\|	1718/1199	~1.43286071726438698916
shn.corpus Wed Mar 22 03:19:45 PM EDT 2023	524/1199	~0.43703085904920767306	\|	1718/1199	~1.43286071726438698916
shn.corpus Wed Mar 22 03:20:42 PM EDT 2023	16/574	~0.02787456445993031359	\|	1028/574	~1.79094076655052264808
shn.corpus Wed Mar 22 03:20:53 PM EDT 2023	524/1199	~0.43703085904920767306	\|	1718/1199	~1.43286071726438698916
shn.corpus Wed Mar 22 03:21:54 PM EDT 2023	524/1199	~0.43703085904920767306	\|	1718/1199	~1.43286071726438698916
shn.wikipediadump Wed Mar 22 03:38:20 PM EDT 2023	1080475/1745538	~0.61899253983585576481	\|	2054358/1745538	~1.17691966602846801387
shn.wikipediadump Wed Mar 22 03:56:38 PM EDT 2023	1079300/1743673	~0.61898073778741770963	\|	2051441/1743673	~1.17650557185894373544
shn.sentences.txt Sat Apr 1 02:21:15 PM EDT 2023	107/199	~0.53768844221105527638	\|	274/199	~1.37688442211055276382
shn.wikipediadump Mon May 1 09:51:33 PM EDT 2023	1296546/1943840	~0.66700242818338957939	\|	2519646/1943840	~1.29622088237715038275
shn.corpus Sun May 7 01:26:08 PM EDT 2023	0/0	Error 10002	\|	0/0	Error 10002
shn.corpus Sun May 7 01:26:27 PM EDT 2023	0/0	Error 10002	\|	0/0	Error 10002
shn.corpus Sun May 7 01:28:04 PM EDT 2023	0/0	Error 10002	\|	0/0	Error 10002
shn.corpus Sun May 7 01:28:31 PM EDT 2023	1/1	1	\|	1/1	1
shn.corpus Sun May 7 01:28:38 PM EDT 2023	1/1	1	\|	1/1	1
shn.corpus Sun May 7 01:28:59 PM EDT 2023	35/574	~0.06097560975609756098	\|	1037/574	~1.80662020905923344948
shn.corpus Sun May 7 01:29:03 PM EDT 2023	35/574	~0.06097560975609756098	\|	1037/574	~1.80662020905923344948
shn.corpus Sun May 7 01:29:16 PM EDT 2023	35/574	~0.06097560975609756098	\|	1037/574	~1.80662020905923344948
shn.wikipediadump Sun May 7 01:39:44 PM EDT 2023	266960/883263	~0.30224293330525562601	\|	1036776/883263	~1.17380214047231685240
shn.corpus Sun May 7 01:41:43 PM EDT 2023	35/574	~0.06097560975609756098	\|	1037/574	~1.80662020905923344948
shn.corpus Sun May 7 01:41:52 PM EDT 2023	35/574	~0.06097560975609756098	\|	1037/574	~1.80662020905923344948
shn.corpus Sun May 7 01:42:04 PM EDT 2023	35/574	~0.06097560975609756098	\|	1037/574	~1.80662020905923344948
shn.corpus Sun May 7 01:42:48 PM EDT 2023	35/574	~0.06097560975609756098	\|	1037/574	~1.80662020905923344948
shn.corpus Sun May 7 01:44:37 PM EDT 2023	35/574	~0.06097560975609756098	\|	1037/574	~1.80662020905923344948
shn.corpus Sun May 7 01:47:06 PM EDT 2023	35/574	~0.06097560975609756098	\|	1037/574	~1.80662020905923344948
shn.corpus Sun May 7 01:47:15 PM EDT 2023	35/574	~0.06097560975609756098	\|	1037/574	~1.80662020905923344948
shn.wikipediadump Sun May 7 01:59:55 PM EDT 2023	1296546/1943839	~0.66700277132005274099	\|	2519645/1943839	~1.29622103476676823544
shn.wikipediadump Sun May 7 01:45:05 PM EDT 2023	1296546/1943840	~0.66700242818338957939	\|	2519646/1943840	~1.29622088237715038275
shn.wikipediadump Sun May 7 02:48:56 PM EDT 2023	1296546/1943840	~0.66700242818338957939	\|	2519646/1943840	~1.29622088237715038275
shn.wikipediadump Sun May 7 04:25:20 PM EDT 2023	1516404/2121146	~0.71489845583472330523	\|	2745598/2121146	~1.29439369095762385050
shn.wikipediadump Sun May 7 06:21:46 PM EDT 2023	1665237/2217573	~0.75092770339465713192	\|	2864977/2217573	~1.29194258768482480622
